This is pdfTeX, Version 3.141592653-2.6-1.40.25 (MiKTeX 24.1) (preloaded format=pdflatex 2024.9.2)  18 DEC 2024 12:57
entering extended mode
 restricted \write18 enabled.
 file:line:error style messages enabled.
 %&-line parsing enabled.
**c:/Users/kurt-/Documents/GitHub/finalproject215a/final-project/report/report.tex
(c:/Users/kurt-/Documents/GitHub/finalproject215a/final-project/report/report.tex
LaTeX2e <2023-11-01> patch level 1
L3 programming layer <2024-01-04>
(C:\Users\kurt-\AppData\Local\Programs\MiKTeX\tex/latex/base\article.cls
Document Class: article 2023/05/17 v1.4n Standard LaTeX document class
(C:\Users\kurt-\AppData\Local\Programs\MiKTeX\tex/latex/base\size10.clo
File: size10.clo 2023/05/17 v1.4n Standard LaTeX file (size option)
)
\c@part=\count187
\c@section=\count188
\c@subsection=\count189
\c@subsubsection=\count190
\c@paragraph=\count191
\c@subparagraph=\count192
\c@figure=\count193
\c@table=\count194
\abovecaptionskip=\skip48
\belowcaptionskip=\skip49
\bibindent=\dimen140
) (C:\Users\kurt-\AppData\Local\Programs\MiKTeX\tex/latex/geometry\geometry.sty
Package: geometry 2020/01/02 v5.9 Page Geometry
 (C:\Users\kurt-\AppData\Local\Programs\MiKTeX\tex/latex/graphics\keyval.sty
Package: keyval 2022/05/29 v1.15 key=value parser (DPC)
\KV@toks@=\toks17
) (C:\Users\kurt-\AppData\Local\Programs\MiKTeX\tex/generic/iftex\ifvtex.sty
Package: ifvtex 2019/10/25 v1.7 ifvtex legacy package. Use iftex instead.
 (C:\Users\kurt-\AppData\Local\Programs\MiKTeX\tex/generic/iftex\iftex.sty
Package: iftex 2022/02/03 v1.0f TeX engine tests
))
\Gm@cnth=\count195
\Gm@cntv=\count196
\c@Gm@tempcnt=\count197
\Gm@bindingoffset=\dimen141
\Gm@wd@mp=\dimen142
\Gm@odd@mp=\dimen143
\Gm@even@mp=\dimen144
\Gm@layoutwidth=\dimen145
\Gm@layoutheight=\dimen146
\Gm@layouthoffset=\dimen147
\Gm@layoutvoffset=\dimen148
\Gm@dimlist=\toks18
 (C:\Users\kurt-\AppData\Local\Programs\MiKTeX\tex/latex/geometry\geometry.cfg)) (C:\Users\kurt-\AppData\Local\Programs\MiKTeX\tex/latex/float\float.sty
Package: float 2001/11/08 v1.3d Float enhancements (AL)
\c@float@type=\count198
\float@exts=\toks19
\float@box=\box51
\@float@everytoks=\toks20
\@floatcapt=\box52
) (C:\Users\kurt-\AppData\Local\Programs\MiKTeX\tex/latex/graphics\graphicx.sty
Package: graphicx 2021/09/16 v1.2d Enhanced LaTeX Graphics (DPC,SPQR)
 (C:\Users\kurt-\AppData\Local\Programs\MiKTeX\tex/latex/graphics\graphics.sty
Package: graphics 2022/03/10 v1.4e Standard LaTeX Graphics (DPC,SPQR)
 (C:\Users\kurt-\AppData\Local\Programs\MiKTeX\tex/latex/graphics\trig.sty
Package: trig 2021/08/11 v1.11 sin cos tan (DPC)
) (C:\Users\kurt-\AppData\Local\Programs\MiKTeX\tex/latex/graphics-cfg\graphics.cfg
File: graphics.cfg 2016/06/04 v1.11 sample graphics configuration
)
Package graphics Info: Driver file: pdftex.def on input line 107.
 (C:\Users\kurt-\AppData\Local\Programs\MiKTeX\tex/latex/graphics-def\pdftex.def
File: pdftex.def 2022/09/22 v1.2b Graphics/color driver for pdftex
))
\Gin@req@height=\dimen149
\Gin@req@width=\dimen150
) (C:\Users\kurt-\AppData\Local\Programs\MiKTeX\tex/latex/booktabs\booktabs.sty
Package: booktabs 2020/01/12 v1.61803398 Publication quality tables
\heavyrulewidth=\dimen151
\lightrulewidth=\dimen152
\cmidrulewidth=\dimen153
\belowrulesep=\dimen154
\belowbottomsep=\dimen155
\aboverulesep=\dimen156
\abovetopsep=\dimen157
\cmidrulesep=\dimen158
\cmidrulekern=\dimen159
\defaultaddspace=\dimen160
\@cmidla=\count199
\@cmidlb=\count266
\@aboverulesep=\dimen161
\@belowrulesep=\dimen162
\@thisruleclass=\count267
\@lastruleclass=\count268
\@thisrulewidth=\dimen163
) (C:\Users\kurt-\AppData\Local\Programs\MiKTeX\tex/latex/amsmath\amsmath.sty
Package: amsmath 2023/05/13 v2.17o AMS math features
\@mathmargin=\skip50

For additional information on amsmath, use the `?' option.
(C:\Users\kurt-\AppData\Local\Programs\MiKTeX\tex/latex/amsmath\amstext.sty
Package: amstext 2021/08/26 v2.01 AMS text
 (C:\Users\kurt-\AppData\Local\Programs\MiKTeX\tex/latex/amsmath\amsgen.sty
File: amsgen.sty 1999/11/30 v2.0 generic functions
\@emptytoks=\toks21
\ex@=\dimen164
)) (C:\Users\kurt-\AppData\Local\Programs\MiKTeX\tex/latex/amsmath\amsbsy.sty
Package: amsbsy 1999/11/29 v1.2d Bold Symbols
\pmbraise@=\dimen165
) (C:\Users\kurt-\AppData\Local\Programs\MiKTeX\tex/latex/amsmath\amsopn.sty
Package: amsopn 2022/04/08 v2.04 operator names
)
\inf@bad=\count269
LaTeX Info: Redefining \frac on input line 234.
\uproot@=\count270
\leftroot@=\count271
LaTeX Info: Redefining \overline on input line 399.
LaTeX Info: Redefining \colon on input line 410.
\classnum@=\count272
\DOTSCASE@=\count273
LaTeX Info: Redefining \ldots on input line 496.
LaTeX Info: Redefining \dots on input line 499.
LaTeX Info: Redefining \cdots on input line 620.
\Mathstrutbox@=\box53
\strutbox@=\box54
LaTeX Info: Redefining \big on input line 722.
LaTeX Info: Redefining \Big on input line 723.
LaTeX Info: Redefining \bigg on input line 724.
LaTeX Info: Redefining \Bigg on input line 725.
\big@size=\dimen166
LaTeX Font Info:    Redeclaring font encoding OML on input line 743.
LaTeX Font Info:    Redeclaring font encoding OMS on input line 744.
\macc@depth=\count274
LaTeX Info: Redefining \bmod on input line 905.
LaTeX Info: Redefining \pmod on input line 910.
LaTeX Info: Redefining \smash on input line 940.
LaTeX Info: Redefining \relbar on input line 970.
LaTeX Info: Redefining \Relbar on input line 971.
\c@MaxMatrixCols=\count275
\dotsspace@=\muskip16
\c@parentequation=\count276
\dspbrk@lvl=\count277
\tag@help=\toks22
\row@=\count278
\column@=\count279
\maxfields@=\count280
\andhelp@=\toks23
\eqnshift@=\dimen167
\alignsep@=\dimen168
\tagshift@=\dimen169
\tagwidth@=\dimen170
\totwidth@=\dimen171
\lineht@=\dimen172
\@envbody=\toks24
\multlinegap=\skip51
\multlinetaggap=\skip52
\mathdisplay@stack=\toks25
LaTeX Info: Redefining \[ on input line 2953.
LaTeX Info: Redefining \] on input line 2954.
) (C:\Users\kurt-\AppData\Local\Programs\MiKTeX\tex/latex/enumitem\enumitem.sty
Package: enumitem 2019/06/20 v3.9 Customized lists
\labelindent=\skip53
\enit@outerparindent=\dimen173
\enit@toks=\toks26
\enit@inbox=\box55
\enit@count@id=\count281
\enitdp@description=\count282
) (C:\Users\kurt-\AppData\Local\Programs\MiKTeX\tex/latex/titlesec\titlesec.sty
Package: titlesec 2023/10/27 v2.16 Sectioning titles
\ttl@box=\box56
\beforetitleunit=\skip54
\aftertitleunit=\skip55
\ttl@plus=\dimen174
\ttl@minus=\dimen175
\ttl@toksa=\toks27
\titlewidth=\dimen176
\titlewidthlast=\dimen177
\titlewidthfirst=\dimen178
) (C:\Users\kurt-\AppData\Local\Programs\MiKTeX\tex/latex/hyperref\hyperref.sty
Package: hyperref 2023-11-26 v7.01g Hypertext links for LaTeX
 (C:\Users\kurt-\AppData\Local\Programs\MiKTeX\tex/generic/infwarerr\infwarerr.sty
Package: infwarerr 2019/12/03 v1.5 Providing info/warning/error messages (HO)
) (C:\Users\kurt-\AppData\Local\Programs\MiKTeX\tex/latex/kvsetkeys\kvsetkeys.sty
Package: kvsetkeys 2022-10-05 v1.19 Key value parser (HO)
) (C:\Users\kurt-\AppData\Local\Programs\MiKTeX\tex/generic/kvdefinekeys\kvdefinekeys.sty
Package: kvdefinekeys 2019-12-19 v1.6 Define keys (HO)
) (C:\Users\kurt-\AppData\Local\Programs\MiKTeX\tex/generic/pdfescape\pdfescape.sty
Package: pdfescape 2019/12/09 v1.15 Implements pdfTeX's escape features (HO)
 (C:\Users\kurt-\AppData\Local\Programs\MiKTeX\tex/generic/ltxcmds\ltxcmds.sty
Package: ltxcmds 2023-12-04 v1.26 LaTeX kernel commands for general use (HO)
) (C:\Users\kurt-\AppData\Local\Programs\MiKTeX\tex/generic/pdftexcmds\pdftexcmds.sty
Package: pdftexcmds 2020-06-27 v0.33 Utility functions of pdfTeX for LuaTeX (HO)
Package pdftexcmds Info: \pdf@primitive is available.
Package pdftexcmds Info: \pdf@ifprimitive is available.
Package pdftexcmds Info: \pdfdraftmode found.
)) (C:\Users\kurt-\AppData\Local\Programs\MiKTeX\tex/latex/hycolor\hycolor.sty
Package: hycolor 2020-01-27 v1.10 Color options for hyperref/bookmark (HO)
) (C:\Users\kurt-\AppData\Local\Programs\MiKTeX\tex/latex/letltxmacro\letltxmacro.sty
Package: letltxmacro 2019/12/03 v1.6 Let assignment for LaTeX macros (HO)
) (C:\Users\kurt-\AppData\Local\Programs\MiKTeX\tex/latex/auxhook\auxhook.sty
Package: auxhook 2019-12-17 v1.6 Hooks for auxiliary files (HO)
) (C:\Users\kurt-\AppData\Local\Programs\MiKTeX\tex/latex/hyperref\nameref.sty
Package: nameref 2023-11-26 v2.56 Cross-referencing by name of section
 (C:\Users\kurt-\AppData\Local\Programs\MiKTeX\tex/latex/refcount\refcount.sty
Package: refcount 2019/12/15 v3.6 Data extraction from label references (HO)
) (C:\Users\kurt-\AppData\Local\Programs\MiKTeX\tex/generic/gettitlestring\gettitlestring.sty
Package: gettitlestring 2019/12/15 v1.6 Cleanup title references (HO)
 (C:\Users\kurt-\AppData\Local\Programs\MiKTeX\tex/latex/kvoptions\kvoptions.sty
Package: kvoptions 2022-06-15 v3.15 Key value format for package options (HO)
))
\c@section@level=\count283
) (C:\Users\kurt-\AppData\Local\Programs\MiKTeX\tex/latex/etoolbox\etoolbox.sty
Package: etoolbox 2020/10/05 v2.5k e-TeX tools for LaTeX (JAW)
\etb@tempcnta=\count284
)
\@linkdim=\dimen179
\Hy@linkcounter=\count285
\Hy@pagecounter=\count286
 (C:\Users\kurt-\AppData\Local\Programs\MiKTeX\tex/latex/hyperref\pd1enc.def
File: pd1enc.def 2023-11-26 v7.01g Hyperref: PDFDocEncoding definition (HO)
Now handling font encoding PD1 ...
... no UTF-8 mapping file for font encoding PD1
) (C:\Users\kurt-\AppData\Local\Programs\MiKTeX\tex/generic/intcalc\intcalc.sty
Package: intcalc 2019/12/15 v1.3 Expandable calculations with integers (HO)
)
\Hy@SavedSpaceFactor=\count287
 (C:\Users\kurt-\AppData\Local\Programs\MiKTeX\tex/latex/hyperref\puenc.def
File: puenc.def 2023-11-26 v7.01g Hyperref: PDF Unicode definition (HO)
Now handling font encoding PU ...
... no UTF-8 mapping file for font encoding PU
)
Package hyperref Info: Hyper figures OFF on input line 4181.
Package hyperref Info: Link nesting OFF on input line 4186.
Package hyperref Info: Hyper index ON on input line 4189.
Package hyperref Info: Plain pages OFF on input line 4196.
Package hyperref Info: Backreferencing OFF on input line 4201.
Package hyperref Info: Implicit mode ON; LaTeX internals redefined.
Package hyperref Info: Bookmarks ON on input line 4448.
\c@Hy@tempcnt=\count288
 (C:\Users\kurt-\AppData\Local\Programs\MiKTeX\tex/latex/url\url.sty
\Urlmuskip=\muskip17
Package: url 2013/09/16  ver 3.4  Verb mode for urls, etc.
)
LaTeX Info: Redefining \url on input line 4786.
\XeTeXLinkMargin=\dimen180
 (C:\Users\kurt-\AppData\Local\Programs\MiKTeX\tex/generic/bitset\bitset.sty
Package: bitset 2019/12/09 v1.3 Handle bit-vector datatype (HO)
 (C:\Users\kurt-\AppData\Local\Programs\MiKTeX\tex/generic/bigintcalc\bigintcalc.sty
Package: bigintcalc 2019/12/15 v1.5 Expandable calculations on big integers (HO)
))
\Fld@menulength=\count289
\Field@Width=\dimen181
\Fld@charsize=\dimen182
Package hyperref Info: Hyper figures OFF on input line 6065.
Package hyperref Info: Link nesting OFF on input line 6070.
Package hyperref Info: Hyper index ON on input line 6073.
Package hyperref Info: backreferencing OFF on input line 6080.
Package hyperref Info: Link coloring OFF on input line 6085.
Package hyperref Info: Link coloring with OCG OFF on input line 6090.
Package hyperref Info: PDF/A mode OFF on input line 6095.
 (C:\Users\kurt-\AppData\Local\Programs\MiKTeX\tex/latex/base\atbegshi-ltx.sty
Package: atbegshi-ltx 2021/01/10 v1.0c Emulation of the original atbegshi
package with kernel methods
)
\Hy@abspage=\count290
\c@Item=\count291
\c@Hfootnote=\count292
)
Package hyperref Info: Driver (autodetected): hpdftex.
 (C:\Users\kurt-\AppData\Local\Programs\MiKTeX\tex/latex/hyperref\hpdftex.def
File: hpdftex.def 2023-11-26 v7.01g Hyperref driver for pdfTeX
 (C:\Users\kurt-\AppData\Local\Programs\MiKTeX\tex/latex/base\atveryend-ltx.sty
Package: atveryend-ltx 2020/08/19 v1.0a Emulation of the original atveryend package
with kernel methods
)
\Fld@listcount=\count293
\c@bookmark@seq@number=\count294
 (C:\Users\kurt-\AppData\Local\Programs\MiKTeX\tex/latex/rerunfilecheck\rerunfilecheck.sty
Package: rerunfilecheck 2022-07-10 v1.10 Rerun checks for auxiliary files (HO)
 (C:\Users\kurt-\AppData\Local\Programs\MiKTeX\tex/generic/uniquecounter\uniquecounter.sty
Package: uniquecounter 2019/12/15 v1.4 Provide unlimited unique counter (HO)
)
Package uniquecounter Info: New unique counter `rerunfilecheck' on input line 285.
)
\Hy@SectionHShift=\skip56
) (C:\Users\kurt-\AppData\Local\Programs\MiKTeX\tex/latex/l3backend\l3backend-pdftex.def
File: l3backend-pdftex.def 2024-01-04 L3 backend support: PDF output (pdfTeX)
\l__color_backend_stack_int=\count295
\l__pdf_internal_box=\box57
) (report.aux

LaTeX Warning: Label `tab:svm_results' multiply defined.


LaTeX Warning: Label `fig:confusion-matrix-transformer' multiply defined.


LaTeX Warning: Label `fig:enter-label' multiply defined.


LaTeX Warning: Label `fig:catboost-decision' multiply defined.

)
\openout1 = `report.aux'.

LaTeX Font Info:    Checking defaults for OML/cmm/m/it on input line 37.
LaTeX Font Info:    ... okay on input line 37.
LaTeX Font Info:    Checking defaults for OMS/cmsy/m/n on input line 37.
LaTeX Font Info:    ... okay on input line 37.
LaTeX Font Info:    Checking defaults for OT1/cmr/m/n on input line 37.
LaTeX Font Info:    ... okay on input line 37.
LaTeX Font Info:    Checking defaults for T1/cmr/m/n on input line 37.
LaTeX Font Info:    ... okay on input line 37.
LaTeX Font Info:    Checking defaults for TS1/cmr/m/n on input line 37.
LaTeX Font Info:    ... okay on input line 37.
LaTeX Font Info:    Checking defaults for OMX/cmex/m/n on input line 37.
LaTeX Font Info:    ... okay on input line 37.
LaTeX Font Info:    Checking defaults for U/cmr/m/n on input line 37.
LaTeX Font Info:    ... okay on input line 37.
LaTeX Font Info:    Checking defaults for PD1/pdf/m/n on input line 37.
LaTeX Font Info:    ... okay on input line 37.
LaTeX Font Info:    Checking defaults for PU/pdf/m/n on input line 37.
LaTeX Font Info:    ... okay on input line 37.

*geometry* driver: auto-detecting
*geometry* detected driver: pdftex
*geometry* verbose mode - [ preamble ] result:
* driver: pdftex
* paper: letterpaper
* layout: <same size as paper>
* layoutoffset:(h,v)=(0.0pt,0.0pt)
* modes: 
* h-part:(L,W,R)=(72.26999pt, 469.75502pt, 72.26999pt)
* v-part:(T,H,B)=(72.26999pt, 650.43001pt, 72.26999pt)
* \paperwidth=614.295pt
* \paperheight=794.96999pt
* \textwidth=469.75502pt
* \textheight=650.43001pt
* \oddsidemargin=0.0pt
* \evensidemargin=0.0pt
* \topmargin=-37.0pt
* \headheight=12.0pt
* \headsep=25.0pt
* \topskip=10.0pt
* \footskip=30.0pt
* \marginparwidth=65.0pt
* \marginparsep=11.0pt
* \columnsep=10.0pt
* \skip\footins=9.0pt plus 4.0pt minus 2.0pt
* \hoffset=0.0pt
* \voffset=0.0pt
* \mag=1000
* \@twocolumnfalse
* \@twosidefalse
* \@mparswitchfalse
* \@reversemarginfalse
* (1in=72.27pt=25.4mm, 1cm=28.453pt)

(C:\Users\kurt-\AppData\Local\Programs\MiKTeX\tex/context/base/mkii\supp-pdf.mkii
[Loading MPS to PDF converter (version 2006.09.02).]
\scratchcounter=\count296
\scratchdimen=\dimen183
\scratchbox=\box58
\nofMPsegments=\count297
\nofMParguments=\count298
\everyMPshowfont=\toks28
\MPscratchCnt=\count299
\MPscratchDim=\dimen184
\MPnumerator=\count300
\makeMPintoPDFobject=\count301
\everyMPtoPDFconversion=\toks29
) (C:\Users\kurt-\AppData\Local\Programs\MiKTeX\tex/latex/epstopdf-pkg\epstopdf-base.sty
Package: epstopdf-base 2020-01-24 v2.11 Base part for package epstopdf
Package epstopdf-base Info: Redefining graphics rule for `.eps' on input line 485.
 (C:\Users\kurt-\AppData\Local\Programs\MiKTeX\tex/latex/00miktex\epstopdf-sys.cfg
File: epstopdf-sys.cfg 2021/03/18 v2.0 Configuration of epstopdf for MiKTeX
))
Package hyperref Info: Link coloring OFF on input line 37.
 (report.out) (report.out)
\@outlinefile=\write3
\openout3 = `report.out'.



LaTeX Warning: No \author given.

[1

{C:/Users/kurt-/AppData/Local/MiKTeX/fonts/map/pdftex/pdftex.map}]
<plots/cervical_spine_injuries_by_site.pdf, id=132, 406.42903pt x 327.20317pt>
File: plots/cervical_spine_injuries_by_site.pdf Graphic file (type pdf)
<use plots/cervical_spine_injuries_by_site.pdf>
Package pdftex.def Info: plots/cervical_spine_injuries_by_site.pdf  used on input line 70.
(pdftex.def)             Requested size: 211.38832pt x 170.18156pt.
<plots/cases_per_site.pdf, id=133, 425.54733pt x 327.20317pt>
File: plots/cases_per_site.pdf Graphic file (type pdf)
<use plots/cases_per_site.pdf>
Package pdftex.def Info: plots/cases_per_site.pdf  used on input line 76.
(pdftex.def)             Requested size: 211.38832pt x 162.53772pt.
<plots/cases_by_gcs.pdf, id=136, 412.81226pt x 327.20317pt>
File: plots/cases_by_gcs.pdf Graphic file (type pdf)
<use plots/cases_by_gcs.pdf>
Package pdftex.def Info: plots/cases_by_gcs.pdf  used on input line 87.
(pdftex.def)             Requested size: 234.8775pt x 186.17322pt.
 [2 <./plots/cervical_spine_injuries_by_site.pdf> <./plots/cases_per_site.pdf> <./plots/cases_by_gcs.pdf>] [3{C:/Users/kurt-/AppData/Local/Programs/MiKTeX/fonts/enc/dvips/cm-super/cm-super-ts1.enc}]
<plots/confusion_matrix_baseline.pdf, id=276, 474.479pt x 402.85757pt>
File: plots/confusion_matrix_baseline.pdf Graphic file (type pdf)
<use plots/confusion_matrix_baseline.pdf>
Package pdftex.def Info: plots/confusion_matrix_baseline.pdf  used on input line 194.
(pdftex.def)             Requested size: 234.8775pt x 199.42433pt.
 [4] [5 <./plots/confusion_matrix_baseline.pdf>]
<plots/svm_decision.png, id=333, 578.16pt x 433.62pt>
File: plots/svm_decision.png Graphic file (type png)
<use plots/svm_decision.png>
Package pdftex.def Info: plots/svm_decision.png  used on input line 242.
(pdftex.def)             Requested size: 256.0748pt x 192.05052pt.
<plots/cb_confusion_matrix.pdf, id=335, 393.0228pt x 334.13531pt>
File: plots/cb_confusion_matrix.pdf Graphic file (type pdf)
<use plots/cb_confusion_matrix.pdf>
Package pdftex.def Info: plots/cb_confusion_matrix.pdf  used on input line 278.
(pdftex.def)             Requested size: 150.32504pt x 127.79869pt.
<plots/lgbm_confusion_matrix.pdf, id=336, 393.0228pt x 334.13531pt>
File: plots/lgbm_confusion_matrix.pdf Graphic file (type pdf)
<use plots/lgbm_confusion_matrix.pdf>
Package pdftex.def Info: plots/lgbm_confusion_matrix.pdf  used on input line 284.
(pdftex.def)             Requested size: 150.32504pt x 127.79869pt.
<plots/lgs_reg_confusion_matrix.pdf, id=337, 393.0228pt x 334.13531pt>
File: plots/lgs_reg_confusion_matrix.pdf Graphic file (type pdf)
<use plots/lgs_reg_confusion_matrix.pdf>
Package pdftex.def Info: plots/lgs_reg_confusion_matrix.pdf  used on input line 290.
(pdftex.def)             Requested size: 150.32504pt x 127.79869pt.
<plots/linear_confusion_matrix.pdf, id=338, 393.0228pt x 334.13531pt>
File: plots/linear_confusion_matrix.pdf Graphic file (type pdf)
<use plots/linear_confusion_matrix.pdf>
Package pdftex.def Info: plots/linear_confusion_matrix.pdf  used on input line 297.
(pdftex.def)             Requested size: 150.32504pt x 127.79869pt.
<plots/random_forest_confusion_matrix.pdf, id=339, 393.0228pt x 334.13531pt>
File: plots/random_forest_confusion_matrix.pdf Graphic file (type pdf)
<use plots/random_forest_confusion_matrix.pdf>
Package pdftex.def Info: plots/random_forest_confusion_matrix.pdf  used on input line 303.
(pdftex.def)             Requested size: 150.32504pt x 127.79869pt.
<plots/xgboost_confusion_matrix.pdf, id=340, 393.0228pt x 334.13531pt>
File: plots/xgboost_confusion_matrix.pdf Graphic file (type pdf)
<use plots/xgboost_confusion_matrix.pdf>
Package pdftex.def Info: plots/xgboost_confusion_matrix.pdf  used on input line 309.
(pdftex.def)             Requested size: 150.32504pt x 127.79869pt.
 [6 <./plots/svm_decision.png>]
<../plots/NN_loss_graph.png, id=349, 722.7pt x 433.62pt>
File: ../plots/NN_loss_graph.png Graphic file (type png)
<use ../plots/NN_loss_graph.png>
Package pdftex.def Info: ../plots/NN_loss_graph.png  used on input line 352.
(pdftex.def)             Requested size: 234.8775pt x 140.92482pt.
 [7 <./plots/cb_confusion_matrix.pdf> <./plots/lgbm_confusion_matrix.pdf> <./plots/lgs_reg_confusion_matrix.pdf> <./plots/linear_confusion_matrix.pdf> <./plots/random_forest_confusion_matrix.pdf> <./plots/xgboost_confusion_matrix.pdf>]
<plots/nn_confusion_matrix.pdf, id=551, 389.13327pt x 340.70363pt>
File: plots/nn_confusion_matrix.pdf Graphic file (type pdf)
<use plots/nn_confusion_matrix.pdf>
Package pdftex.def Info: plots/nn_confusion_matrix.pdf  used on input line 363.
(pdftex.def)             Requested size: 234.8775pt x 205.64545pt.
<plots/tabpfn_confusion_matrix.pdf, id=553, 389.13327pt x 327.20317pt>
File: plots/tabpfn_confusion_matrix.pdf Graphic file (type pdf)
<use plots/tabpfn_confusion_matrix.pdf>
Package pdftex.def Info: plots/tabpfn_confusion_matrix.pdf  used on input line 393.
(pdftex.def)             Requested size: 234.8775pt x 197.49669pt.
 [8 <../plots/NN_loss_graph.png> <./plots/nn_confusion_matrix.pdf>] [9 <./plots/tabpfn_confusion_matrix.pdf>]
<plots/1dcnn_confusion_matrix.pdf, id=642, 389.13327pt x 340.70363pt>
File: plots/1dcnn_confusion_matrix.pdf Graphic file (type pdf)
<use plots/1dcnn_confusion_matrix.pdf>
Package pdftex.def Info: plots/1dcnn_confusion_matrix.pdf  used on input line 464.
(pdftex.def)             Requested size: 234.8775pt x 205.64545pt.
<plots/lgbm_tree_vert.pdf, id=643, 3613.5pt x 2168.1pt>
File: plots/lgbm_tree_vert.pdf Graphic file (type pdf)
<use plots/lgbm_tree_vert.pdf>
Package pdftex.def Info: plots/lgbm_tree_vert.pdf  used on input line 474.
(pdftex.def)             Requested size: 469.75502pt x 281.82982pt.
 [10 <./plots/1dcnn_confusion_matrix.pdf>]
Overfull \hbox (14.58578pt too wide) in paragraph at lines 484--496
 [][] 
 []

<../plots/tabpfn_decision_curve.pdf, id=690, 626.05145pt x 393.98067pt>
File: ../plots/tabpfn_decision_curve.pdf Graphic file (type pdf)
<use ../plots/tabpfn_decision_curve.pdf>
Package pdftex.def Info: ../plots/tabpfn_decision_curve.pdf  used on input line 513.
(pdftex.def)             Requested size: 234.8775pt x 147.8085pt.
[11 <./plots/lgbm_tree_vert.pdf>] [12 <../plots/tabpfn_decision_curve.pdf>]
Underfull \hbox (badness 10000) in paragraph at lines 562--566

 []

<../plots/tabpfn_confusion_matrix_stab1.pdf, id=746, 395.5165pt x 327.20317pt>
File: ../plots/tabpfn_confusion_matrix_stab1.pdf Graphic file (type pdf)
<use ../plots/tabpfn_confusion_matrix_stab1.pdf>
Package pdftex.def Info: ../plots/tabpfn_confusion_matrix_stab1.pdf  used on input line 578.
(pdftex.def)             Requested size: 234.8775pt x 194.31633pt.
<../plots/tabpfn_stability1_metrics.pdf, id=747, 499.24329pt x 393.98067pt>
File: ../plots/tabpfn_stability1_metrics.pdf Graphic file (type pdf)
<use ../plots/tabpfn_stability1_metrics.pdf>
Package pdftex.def Info: ../plots/tabpfn_stability1_metrics.pdf  used on input line 590.
(pdftex.def)             Requested size: 234.8775pt x 185.35728pt.
[13 <../plots/tabpfn_confusion_matrix_stab1.pdf>]
<../plots/tabpfn_stability2_metrics.pdf, id=790, 499.24329pt x 393.98067pt>
File: ../plots/tabpfn_stability2_metrics.pdf Graphic file (type pdf)
<use ../plots/tabpfn_stability2_metrics.pdf>
Package pdftex.def Info: ../plots/tabpfn_stability2_metrics.pdf  used on input line 602.
(pdftex.def)             Requested size: 234.8775pt x 185.35728pt.
<../plots/tabpfn_stability3_metrics.pdf, id=791, 502.56447pt x 452.81966pt>
File: ../plots/tabpfn_stability3_metrics.pdf Graphic file (type pdf)
<use ../plots/tabpfn_stability3_metrics.pdf>
Package pdftex.def Info: ../plots/tabpfn_stability3_metrics.pdf  used on input line 612.
(pdftex.def)             Requested size: 234.8775pt x 211.62302pt.
 [14 <../plots/tabpfn_stability1_metrics.pdf> <../plots/tabpfn_stability2_metrics.pdf>] [15 <../plots/tabpfn_stability3_metrics.pdf>] (report.bbl) [16] [17]
<plots/lgbm_tree.pdf, id=934, 3613.5pt x 2168.1pt>
File: plots/lgbm_tree.pdf Graphic file (type pdf)
<use plots/lgbm_tree.pdf>
Package pdftex.def Info: plots/lgbm_tree.pdf  used on input line 688.
(pdftex.def)             Requested size: 614.295pt x 368.57213pt.
 [18 <./plots/lgbm_tree.pdf>] [19]

pdfTeX warning: pdflatex (file ./plots/catboost_tree.pdf): PDF inclusion: found PDF version <1.7>, but at most version <1.5> allowed
<plots/catboost_tree.pdf, id=950, 6297.5275pt x 649.42625pt>
File: plots/catboost_tree.pdf Graphic file (type pdf)
<use plots/catboost_tree.pdf>
Package pdftex.def Info: plots/catboost_tree.pdf  used on input line 711.
(pdftex.def)             Requested size: 614.295pt x 63.3411pt.
[20 <./plots/catboost_tree.pdf>] (report.aux)
 ***********
LaTeX2e <2023-11-01> patch level 1
L3 programming layer <2024-01-04>
 ***********


LaTeX Warning: There were multiply-defined labels.

Package rerunfilecheck Info: File `report.out' has not changed.
(rerunfilecheck)             Checksum: B6F7424C0C920AD727B813CD0B76FD0A;3481.
 ) 
Here is how much of TeX's memory you used:
 10654 strings out of 474486
 169871 string characters out of 5743756
 1940542 words of memory out of 5000000
 32710 multiletter control sequences out of 15000+600000
 564442 words of font info for 58 fonts, out of 8000000 for 9000
 1141 hyphenation exceptions out of 8191
 75i,9n,79p,1471b,536s stack positions out of 10000i,1000n,20000p,200000b,200000s
<C:/Users/kurt-/AppData/Local/Programs/MiKTeX/fonts/type1/public/amsfonts/cm/cmbx10.pfb><C:/Users/kurt-/AppData/Local/Programs/MiKTeX/fonts/type1/public/amsfonts/cm/cmbx12.pfb><C:/Users/kurt-/AppData/Local/Programs/MiKTeX/fonts/type1/public/amsfonts/cm/cmbx8.pfb><C:/Users/kurt-/AppData/Local/Programs/MiKTeX/fonts/type1/public/amsfonts/cm/cmmi10.pfb><C:/Users/kurt-/AppData/Local/Programs/MiKTeX/fonts/type1/public/amsfonts/cm/cmr10.pfb><C:/Users/kurt-/AppData/Local/Programs/MiKTeX/fonts/type1/public/amsfonts/cm/cmr12.pfb><C:/Users/kurt-/AppData/Local/Programs/MiKTeX/fonts/type1/public/amsfonts/cm/cmr17.pfb><C:/Users/kurt-/AppData/Local/Programs/MiKTeX/fonts/type1/public/amsfonts/cm/cmr8.pfb><C:/Users/kurt-/AppData/Local/Programs/MiKTeX/fonts/type1/public/amsfonts/cm/cmsy10.pfb><C:/Users/kurt-/AppData/Local/Programs/MiKTeX/fonts/type1/public/amsfonts/cm/cmti10.pfb><C:/Users/kurt-/AppData/Local/Programs/MiKTeX/fonts/type1/public/cm-super/sfrm1000.pfb>
Output written on report.pdf (20 pages, 1158438 bytes).
PDF statistics:
 1042 PDF objects out of 1200 (max. 8388607)
 108 named destinations out of 1000 (max. 500000)
 324 words of extra memory for PDF output out of 10000 (max. 10000000)

